<?xml version="1.0" encoding="UTF-8"?>
<!-- Generated by org.testng.reporters.JUnitReportReporter -->
<testsuite hostname="DESKTOP-6QCP0R9" failures="0" tests="1" name="Testlayer.Registeraccounttest" time="29.179" errors="0" timestamp="2023-07-20T20:13:05 IST" skipped="0">
  <testcase classname="Testlayer.Registeraccounttest" name="validateRegisterAccounttest" time="29.179"/>
  <system-out/>
</testsuite> <!-- Testlayer.Registeraccounttest -->
