<?xml version="1.0" encoding="UTF-8"?>
<!-- Generated by org.testng.reporters.JUnitReportReporter -->
<testsuite hostname="DESKTOP-6QCP0R9" failures="0" tests="1" name="Testlayer.FCCregistrationtest" time="3.546" errors="0" timestamp="2023-07-21T16:28:05 IST" skipped="0">
  <testcase classname="Testlayer.FCCregistrationtest" name="validateFCCregistrationtest" time="3.546"/>
  <system-out/>
</testsuite> <!-- Testlayer.FCCregistrationtest -->
